package conf


const(

	// [兵种表:枚举编号]	
	TID_ARMY_SPEARMAN int32 = 1; //矛兵
	TID_ARMY_ARCHER int32 = 2; //弓箭手
	TID_ARMY_SWORDSMAN int32 = 3; //剑士
	TID_ARMY_CATAPHRACT int32 = 4; //骑兵
	


	// [兵种形态表:代数标记]	
	ENUM1 int32 = 1; //枚举1
	ENUM2 int32 = 2; //枚举2
	ENUM3 int32 = 3; //枚举3
	


)



// [兵种表]	
type Army struct {
	
	Tid int32 `json:"tid"`   //编号
	
	Name string `json:"name"`   //名称
	
	ShowName string `json:"show_name"`   //显示名称
	
	EnumTid int32 `json:"enum_tid"`   //枚举编号
	
	ArmyTypeBase int32 `json:"army_type_base"`   //兵种初始形态
	
	Display int32 `json:"display"`   //显示排序
	
}

// [兵种形态表]	
type ArmyType struct {
	
	Tid int32 `json:"tid"`   //编号
	
	Name string `json:"name"`   //名称
	
	English string `json:"english"`   //英文
	
	Icon int32 `json:"icon"`   //图标
	
	LvStr string `json:"lvStr"`   //等级
	
	Desc string `json:"desc"`   //描述
	
	Army int32 `json:"army"`   //兵种
	
	GenerationFlag int32 `json:"generation_flag"`   //代数标记
	
	Reduction float `json:"reduction"`   //减伤系数
	
	Dodge float `json:"dodge"`   //闪避率
	
}




